  Engine.cpp
  EntityManager.cpp
  LuaLibs.cpp
C:\Users\sethm\Desktop\OrionEngine\Source\LuaLibs.hpp(19,28): warning C4244: '=': conversion from 'lua_Number' to 'T', possible loss of data
          with
          [
              T=float
          ]
C:\Users\sethm\Desktop\OrionEngine\Source\LuaLibs.hpp(20,28): warning C4244: '=': conversion from 'lua_Number' to 'T', possible loss of data
          with
          [
              T=float
          ]
C:\Users\sethm\Desktop\OrionEngine\Source\LuaLibs.hpp(27,13): warning C4244: 'initializing': conversion from 'lua_Number' to 'int', possible loss of data
C:\Users\sethm\Desktop\OrionEngine\Source\LuaLibs.hpp(28,47): warning C4244: 'argument': conversion from 'T' to 'lua_Integer', possible loss of data
          with
          [
              T=float
          ]
C:\Users\sethm\Desktop\OrionEngine\Source\LuaLibs.hpp(42,25): warning C4244: '=': conversion from 'double' to 'T', possible loss of data
          with
          [
              T=float
          ]
C:\Users\sethm\Desktop\OrionEngine\Source\LuaLibs.hpp(43,25): warning C4244: '=': conversion from 'double' to 'T', possible loss of data
          with
          [
              T=float
          ]
C:\Users\sethm\Desktop\OrionEngine\Source\LuaLibs.hpp(44,25): warning C4244: '=': conversion from 'double' to 'T', possible loss of data
          with
          [
              T=float
          ]
C:\Users\sethm\Desktop\OrionEngine\Source\LuaLibs.hpp(50,15): warning C4244: 'initializing': conversion from 'lua_Number' to 'int', possible loss of data
C:\Users\sethm\Desktop\OrionEngine\Source\LuaLibs.hpp(57,15): warning C4244: 'initializing': conversion from 'lua_Number' to 'int', possible loss of data
C:\Users\sethm\Desktop\OrionEngine\Source\LuaLibs.hpp(64,15): warning C4244: 'initializing': conversion from 'lua_Number' to 'int', possible loss of data
  Mesh.cpp
  Renderer.cpp
  SceneManager.cpp
  ScriptComponent.cpp
C:\Users\sethm\Desktop\OrionEngine\Source\LuaLibs.hpp(19,28): warning C4244: '=': conversion from 'lua_Number' to 'T', possible loss of data
          with
          [
              T=float
          ]
C:\Users\sethm\Desktop\OrionEngine\Source\LuaLibs.hpp(20,28): warning C4244: '=': conversion from 'lua_Number' to 'T', possible loss of data
          with
          [
              T=float
          ]
C:\Users\sethm\Desktop\OrionEngine\Source\LuaLibs.hpp(27,13): warning C4244: 'initializing': conversion from 'lua_Number' to 'int', possible loss of data
C:\Users\sethm\Desktop\OrionEngine\Source\LuaLibs.hpp(28,47): warning C4244: 'argument': conversion from 'T' to 'lua_Integer', possible loss of data
          with
          [
              T=float
          ]
C:\Users\sethm\Desktop\OrionEngine\Source\LuaLibs.hpp(42,25): warning C4244: '=': conversion from 'double' to 'T', possible loss of data
          with
          [
              T=float
          ]
C:\Users\sethm\Desktop\OrionEngine\Source\LuaLibs.hpp(43,25): warning C4244: '=': conversion from 'double' to 'T', possible loss of data
          with
          [
              T=float
          ]
C:\Users\sethm\Desktop\OrionEngine\Source\LuaLibs.hpp(44,25): warning C4244: '=': conversion from 'double' to 'T', possible loss of data
          with
          [
              T=float
          ]
C:\Users\sethm\Desktop\OrionEngine\Source\LuaLibs.hpp(50,15): warning C4244: 'initializing': conversion from 'lua_Number' to 'int', possible loss of data
C:\Users\sethm\Desktop\OrionEngine\Source\LuaLibs.hpp(57,15): warning C4244: 'initializing': conversion from 'lua_Number' to 'int', possible loss of data
C:\Users\sethm\Desktop\OrionEngine\Source\LuaLibs.hpp(64,15): warning C4244: 'initializing': conversion from 'lua_Number' to 'int', possible loss of data
  Shader.cpp
  Sprite.cpp
  Texture.cpp
  UnitTest.cpp
  Window.cpp
  main.cpp
  Generating Code...
  OrionEngine.vcxproj -> C:\Users\sethm\Desktop\OrionEngine\Debug\OrionEngine.exe
